[debug] [2023-08-11T22:52:07.470Z] ----------------------------------------------------------------------
[debug] [2023-08-11T22:52:07.475Z] Command:       C:\Program Files\nodejs\node.exe C:\Users\user\AppData\Roaming\npm\node_modules\firebase-tools\lib\bin\firebase.js emulators:start --only functions
[debug] [2023-08-11T22:52:07.476Z] CLI Version:   12.4.7
[debug] [2023-08-11T22:52:07.477Z] Platform:      win32
[debug] [2023-08-11T22:52:07.477Z] Node Version:  v18.16.0
[debug] [2023-08-11T22:52:07.478Z] Time:          Sat Aug 12 2023 01:52:07 GMT+0300 (East Africa Time)
[debug] [2023-08-11T22:52:07.478Z] ----------------------------------------------------------------------
[debug] 
[debug] [2023-08-11T22:52:07.677Z] > command requires scopes: ["email","openid","https://www.googleapis.com/auth/cloudplatformprojects.readonly","https://www.googleapis.com/auth/firebase","https://www.googleapis.com/auth/cloud-platform"]
[debug] [2023-08-11T22:52:07.678Z] > authorizing via signed-in user (alexwebmaster44@gmail.com)
[info] i  emulators: Starting emulators: functions {"metadata":{"emulator":{"name":"hub"},"message":"Starting emulators: functions"}}
[debug] [2023-08-11T22:52:07.694Z] [logging] Logging Emulator only supports listening on one address (127.0.0.1). Not listening on ::1
[debug] [2023-08-11T22:52:07.695Z] assigned listening specs for emulators {"user":{"hub":[{"address":"127.0.0.1","family":"IPv4","port":4400},{"address":"::1","family":"IPv6","port":4400}],"ui":[{"address":"127.0.0.1","family":"IPv4","port":4000},{"address":"::1","family":"IPv6","port":4000}],"logging":[{"address":"127.0.0.1","family":"IPv4","port":4500}]},"metadata":{"message":"assigned listening specs for emulators"}}
[debug] [2023-08-11T22:52:07.717Z] [hub] writing locator at C:\cygwin64\tmp\hub-e-clone-c0ec7.json
[debug] [2023-08-11T22:52:07.783Z] [functions] Functions Emulator only supports listening on one address (127.0.0.1). Not listening on ::1
[debug] [2023-08-11T22:52:07.784Z] [eventarc] Eventarc Emulator only supports listening on one address (127.0.0.1). Not listening on ::1
[debug] [2023-08-11T22:52:07.784Z] late-assigned ports for functions and eventarc emulators {"user":{"hub":[{"address":"127.0.0.1","family":"IPv4","port":4400},{"address":"::1","family":"IPv6","port":4400}],"ui":[{"address":"127.0.0.1","family":"IPv4","port":4000},{"address":"::1","family":"IPv6","port":4000}],"logging":[{"address":"127.0.0.1","family":"IPv4","port":4500}],"functions":[{"address":"127.0.0.1","family":"IPv4","port":5001}],"eventarc":[{"address":"127.0.0.1","family":"IPv4","port":9299}]},"metadata":{"message":"late-assigned ports for functions and eventarc emulators"}}
[warn] !  functions: The following emulators are not running, calls to these services from the Functions emulator will affect production: auth, firestore, database, hosting, pubsub, storage {"metadata":{"emulator":{"name":"functions"},"message":"The following emulators are not running, calls to these services from the Functions emulator will affect production: \u001b[1mauth, firestore, database, hosting, pubsub, storage\u001b[22m"}}
[debug] [2023-08-11T22:52:07.791Z] defaultcredentials: writing to file C:\Users\user\AppData\Roaming\firebase\alexwebmaster44_gmail_com_application_default_credentials.json
[debug] [2023-08-11T22:52:07.795Z] Setting GAC to C:\Users\user\AppData\Roaming\firebase\alexwebmaster44_gmail_com_application_default_credentials.json {"metadata":{"emulator":{"name":"functions"},"message":"Setting GAC to C:\\Users\\user\\AppData\\Roaming\\firebase\\alexwebmaster44_gmail_com_application_default_credentials.json"}}
[debug] [2023-08-11T22:52:07.798Z] >>> [apiv2][query] GET https://firebase.googleapis.com/v1beta1/projects/e-clone-c0ec7/adminSdkConfig [none]
[debug] [2023-08-11T22:52:08.793Z] <<< [apiv2][status] GET https://firebase.googleapis.com/v1beta1/projects/e-clone-c0ec7/adminSdkConfig 200
[debug] [2023-08-11T22:52:08.793Z] <<< [apiv2][body] GET https://firebase.googleapis.com/v1beta1/projects/e-clone-c0ec7/adminSdkConfig {"projectId":"e-clone-c0ec7","storageBucket":"e-clone-c0ec7.appspot.com"}
[debug] [2023-08-11T22:52:08.858Z] Ignoring unsupported arg: auto_download {"metadata":{"emulator":{"name":"ui"},"message":"Ignoring unsupported arg: auto_download"}}
[debug] [2023-08-11T22:52:08.859Z] Ignoring unsupported arg: port {"metadata":{"emulator":{"name":"ui"},"message":"Ignoring unsupported arg: port"}}
[debug] [2023-08-11T22:52:08.859Z] Starting Emulator UI with command {"binary":"node","args":["C:\\Users\\user\\.cache\\firebase\\emulators\\ui-v1.11.7\\server\\server.js"],"optionalArgs":[],"joinArgs":false} {"metadata":{"emulator":{"name":"ui"},"message":"Starting Emulator UI with command {\"binary\":\"node\",\"args\":[\"C:\\\\Users\\\\user\\\\.cache\\\\firebase\\\\emulators\\\\ui-v1.11.7\\\\server\\\\server.js\"],\"optionalArgs\":[],\"joinArgs\":false}"}}
[info] i  ui: Emulator UI logging to ui-debug.log {"metadata":{"emulator":{"name":"ui"},"message":"Emulator UI logging to \u001b[1mui-debug.log\u001b[22m"}}
[debug] [2023-08-11T22:52:09.082Z] Web / API server started at 127.0.0.1:4000
 {"metadata":{"emulator":{"name":"ui"},"message":"Web / API server started at 127.0.0.1:4000\n"}}
[debug] [2023-08-11T22:52:09.083Z] Web / API server started at ::1:4000
 {"metadata":{"emulator":{"name":"ui"},"message":"Web / API server started at ::1:4000\n"}}
[info] i  functions: Watching "C:\Users\user\Desktop\Evangadi2\MyProjects\AmazonClone\AmazoneClone-Front-End-Alex\amazone-clone\functions" for Cloud Functions... {"metadata":{"emulator":{"name":"functions"},"message":"Watching \"C:\\Users\\user\\Desktop\\Evangadi2\\MyProjects\\AmazonClone\\AmazoneClone-Front-End-Alex\\amazone-clone\\functions\" for Cloud Functions..."}}
[debug] [2023-08-11T22:52:09.149Z] Validating nodejs source
[debug] [2023-08-11T22:52:12.707Z] > [functions] package.json contents: {
  "name": "functions",
  "description": "Cloud Functions for Firebase",
  "scripts": {
    "lint": "eslint .",
    "serve": "firebase emulators:start --only functions",
    "shell": "firebase functions:shell",
    "start": "npm run shell",
    "deploy": "firebase deploy --only functions",
    "logs": "firebase functions:log"
  },
  "engines": {
    "node": "18"
  },
  "main": "index.js",
  "dependencies": {
    "cors": "^2.8.5",
    "express": "^4.18.2",
    "firebase-admin": "^11.8.0",
    "firebase-functions": "^4.3.1",
    "stripe": "^12.17.0"
  },
  "devDependencies": {
    "eslint": "^8.15.0",
    "eslint-config-google": "^0.14.0",
    "firebase-functions-test": "^3.1.0"
  },
  "private": true
}
[debug] [2023-08-11T22:52:12.708Z] Building nodejs source
[debug] [2023-08-11T22:52:12.708Z] Failed to find version of module node: reached end of search path C:\Users\user\Desktop\Evangadi2\MyProjects\AmazonClone\AmazoneClone-Front-End-Alex\amazone-clone\functions\node_modules
[info] +  functions: Using node@18 from host. 
[debug] [2023-08-11T22:52:12.712Z] Could not find functions.yaml. Must use http discovery
[debug] [2023-08-11T22:52:12.724Z] Found firebase-functions binary at 'C:\Users\user\Desktop\Evangadi2\MyProjects\AmazonClone\AmazoneClone-Front-End-Alex\amazone-clone\functions\node_modules\.bin\firebase-functions'
[info] Serving at port 8080

[debug] [2023-08-11T22:52:13.970Z] Got response from /__/functions.yaml {"endpoints":{"api":{"platform":"gcfv1","availableMemoryMb":null,"timeoutSeconds":null,"minInstances":null,"maxInstances":null,"ingressSettings":null,"serviceAccountEmail":null,"vpc":null,"httpsTrigger":{},"entryPoint":"api"}},"specVersion":"v1alpha1","requiredAPIs":[]}
[info] shutdown requested via /__/quitquitquit

[info] +  functions: Loaded functions definitions from source: api. {"metadata":{"emulator":{"name":"functions"},"message":"Loaded functions definitions from source: api."}}
[info] +  functions[us-central1-api]: http function initialized (http://127.0.0.1:5001/e-clone-c0ec7/us-central1/api). {"metadata":{"emulator":{"name":"functions"},"message":"\u001b[1mhttp\u001b[22m function initialized (http://127.0.0.1:5001/e-clone-c0ec7/us-central1/api)."}}
[info] 
┌─────────────────────────────────────────────────────────────┐
│ ✔  All emulators ready! It is now safe to connect your app. │
│ i  View Emulator UI at http://127.0.0.1:4000/               │
└─────────────────────────────────────────────────────────────┘

┌───────────┬────────────────┬─────────────────────────────────┐
│ Emulator  │ Host:Port      │ View in Emulator UI             │
├───────────┼────────────────┼─────────────────────────────────┤
│ Functions │ 127.0.0.1:5001 │ http://127.0.0.1:4000/functions │
└───────────┴────────────────┴─────────────────────────────────┘
  Emulator Hub running at 127.0.0.1:4400
  Other reserved ports: 4500

Issues? Report them at https://github.com/firebase/firebase-tools/issues and attach the *-debug.log files.
 
[debug] [2023-08-11T22:53:03.672Z] [work-queue] {"queuedWork":["/e-clone-c0ec7/us-central1/api/payments/create-2023-08-11T22:53:03.671Z"],"queueLength":1,"runningWork":[],"workRunningCount":0}
[debug] [2023-08-11T22:53:03.672Z] [work-queue] {"queuedWork":[],"queueLength":0,"runningWork":["/e-clone-c0ec7/us-central1/api/payments/create-2023-08-11T22:53:03.671Z"],"workRunningCount":1}
[debug] [2023-08-11T22:53:03.674Z] Accepted request POST /e-clone-c0ec7/us-central1/api/payments/create?total=35800 --> us-central1-api
[debug] [2023-08-11T22:53:03.682Z] [functions] Runtime ready! Sending request! {"metadata":{"emulator":{"name":"functions"},"message":"[functions] Runtime ready! Sending request!"}}
[debug] [2023-08-11T22:53:03.683Z] [functions] Got req.url=/e-clone-c0ec7/us-central1/api/payments/create?total=35800, mapping to path=/payments/create?total=35800 {"metadata":{"emulator":{"name":"functions"},"message":"[functions] Got req.url=/e-clone-c0ec7/us-central1/api/payments/create?total=35800, mapping to path=/payments/create?total=35800"}}
[debug] [2023-08-11T22:53:03.704Z] [worker-pool] addWorker(us-central1-api) {"metadata":{"emulator":{"name":"functions"},"message":"[worker-pool] addWorker(us-central1-api)"}}
[debug] [2023-08-11T22:53:03.705Z] [worker-pool] Adding worker with key us-central1-api, total=1 {"metadata":{"emulator":{"name":"functions"},"message":"[worker-pool] Adding worker with key us-central1-api, total=1"}}
[debug] [2023-08-11T22:53:03.714Z] [work-queue] {"queuedWork":["/e-clone-c0ec7/us-central1/api/payments/create-2023-08-11T22:53:03.714Z"],"queueLength":1,"runningWork":["/e-clone-c0ec7/us-central1/api/payments/create-2023-08-11T22:53:03.671Z"],"workRunningCount":1}
[debug] [2023-08-11T22:53:03.714Z] [work-queue] {"queuedWork":[],"queueLength":0,"runningWork":["/e-clone-c0ec7/us-central1/api/payments/create-2023-08-11T22:53:03.671Z","/e-clone-c0ec7/us-central1/api/payments/create-2023-08-11T22:53:03.714Z"],"workRunningCount":2}
[debug] [2023-08-11T22:53:03.715Z] Accepted request POST /e-clone-c0ec7/us-central1/api/payments/create?total=35800 --> us-central1-api
[debug] [2023-08-11T22:53:03.720Z] [functions] Runtime ready! Sending request! {"metadata":{"emulator":{"name":"functions"},"message":"[functions] Runtime ready! Sending request!"}}
[debug] [2023-08-11T22:53:03.720Z] [functions] Got req.url=/e-clone-c0ec7/us-central1/api/payments/create?total=35800, mapping to path=/payments/create?total=35800 {"metadata":{"emulator":{"name":"functions"},"message":"[functions] Got req.url=/e-clone-c0ec7/us-central1/api/payments/create?total=35800, mapping to path=/payments/create?total=35800"}}
[debug] [2023-08-11T22:53:03.775Z] [worker-pool] addWorker(us-central1-api) {"metadata":{"emulator":{"name":"functions"},"message":"[worker-pool] addWorker(us-central1-api)"}}
[debug] [2023-08-11T22:53:03.776Z] [worker-pool] Adding worker with key us-central1-api, total=2 {"metadata":{"emulator":{"name":"functions"},"message":"[worker-pool] Adding worker with key us-central1-api, total=2"}}
[debug] [2023-08-11T22:53:06.449Z] [runtime-status] [14772] Resolved module firebase-admin {"declared":true,"installed":true,"version":"11.10.1","resolution":"C:\\Users\\user\\Desktop\\Evangadi2\\MyProjects\\AmazonClone\\AmazoneClone-Front-End-Alex\\amazone-clone\\functions\\node_modules\\firebase-admin\\lib\\index.js"} {"metadata":{"emulator":{"name":"functions"},"function":{"name":"us-central1-api"},"extension":{},"message":"[runtime-status] [14772] Resolved module firebase-admin {\"declared\":true,\"installed\":true,\"version\":\"11.10.1\",\"resolution\":\"C:\\\\Users\\\\user\\\\Desktop\\\\Evangadi2\\\\MyProjects\\\\AmazonClone\\\\AmazoneClone-Front-End-Alex\\\\amazone-clone\\\\functions\\\\node_modules\\\\firebase-admin\\\\lib\\\\index.js\"}"}}
[debug] [2023-08-11T22:53:06.451Z] [runtime-status] [14584] Resolved module firebase-admin {"declared":true,"installed":true,"version":"11.10.1","resolution":"C:\\Users\\user\\Desktop\\Evangadi2\\MyProjects\\AmazonClone\\AmazoneClone-Front-End-Alex\\amazone-clone\\functions\\node_modules\\firebase-admin\\lib\\index.js"} {"metadata":{"emulator":{"name":"functions"},"function":{"name":"us-central1-api"},"extension":{},"message":"[runtime-status] [14584] Resolved module firebase-admin {\"declared\":true,\"installed\":true,\"version\":\"11.10.1\",\"resolution\":\"C:\\\\Users\\\\user\\\\Desktop\\\\Evangadi2\\\\MyProjects\\\\AmazonClone\\\\AmazoneClone-Front-End-Alex\\\\amazone-clone\\\\functions\\\\node_modules\\\\firebase-admin\\\\lib\\\\index.js\"}"}}
[debug] [2023-08-11T22:53:06.455Z] [runtime-status] [14772] Resolved module firebase-functions {"declared":true,"installed":true,"version":"4.4.1","resolution":"C:\\Users\\user\\Desktop\\Evangadi2\\MyProjects\\AmazonClone\\AmazoneClone-Front-End-Alex\\amazone-clone\\functions\\node_modules\\firebase-functions\\lib\\v1\\index.js"} {"metadata":{"emulator":{"name":"functions"},"function":{"name":"us-central1-api"},"extension":{},"message":"[runtime-status] [14772] Resolved module firebase-functions {\"declared\":true,\"installed\":true,\"version\":\"4.4.1\",\"resolution\":\"C:\\\\Users\\\\user\\\\Desktop\\\\Evangadi2\\\\MyProjects\\\\AmazonClone\\\\AmazoneClone-Front-End-Alex\\\\amazone-clone\\\\functions\\\\node_modules\\\\firebase-functions\\\\lib\\\\v1\\\\index.js\"}"}}
[debug] [2023-08-11T22:53:06.456Z] [runtime-status] [14584] Resolved module firebase-functions {"declared":true,"installed":true,"version":"4.4.1","resolution":"C:\\Users\\user\\Desktop\\Evangadi2\\MyProjects\\AmazonClone\\AmazoneClone-Front-End-Alex\\amazone-clone\\functions\\node_modules\\firebase-functions\\lib\\v1\\index.js"} {"metadata":{"emulator":{"name":"functions"},"function":{"name":"us-central1-api"},"extension":{},"message":"[runtime-status] [14584] Resolved module firebase-functions {\"declared\":true,\"installed\":true,\"version\":\"4.4.1\",\"resolution\":\"C:\\\\Users\\\\user\\\\Desktop\\\\Evangadi2\\\\MyProjects\\\\AmazonClone\\\\AmazoneClone-Front-End-Alex\\\\amazone-clone\\\\functions\\\\node_modules\\\\firebase-functions\\\\lib\\\\v1\\\\index.js\"}"}}
[debug] [2023-08-11T22:53:06.456Z] [runtime-status] [14772] Outgoing network have been stubbed. [{"name":"http","status":"mocked"},{"name":"http","status":"mocked"},{"name":"https","status":"mocked"},{"name":"https","status":"mocked"},{"name":"net","status":"mocked"}] {"metadata":{"emulator":{"name":"functions"},"function":{"name":"us-central1-api"},"extension":{},"message":"[runtime-status] [14772] Outgoing network have been stubbed. [{\"name\":\"http\",\"status\":\"mocked\"},{\"name\":\"http\",\"status\":\"mocked\"},{\"name\":\"https\",\"status\":\"mocked\"},{\"name\":\"https\",\"status\":\"mocked\"},{\"name\":\"net\",\"status\":\"mocked\"}]"}}
[debug] [2023-08-11T22:53:06.457Z] [runtime-status] [14584] Outgoing network have been stubbed. [{"name":"http","status":"mocked"},{"name":"http","status":"mocked"},{"name":"https","status":"mocked"},{"name":"https","status":"mocked"},{"name":"net","status":"mocked"}] {"metadata":{"emulator":{"name":"functions"},"function":{"name":"us-central1-api"},"extension":{},"message":"[runtime-status] [14584] Outgoing network have been stubbed. [{\"name\":\"http\",\"status\":\"mocked\"},{\"name\":\"http\",\"status\":\"mocked\"},{\"name\":\"https\",\"status\":\"mocked\"},{\"name\":\"https\",\"status\":\"mocked\"},{\"name\":\"net\",\"status\":\"mocked\"}]"}}
[debug] [2023-08-11T22:53:06.459Z] [runtime-status] [14584] Resolved module firebase-functions {"declared":true,"installed":true,"version":"4.4.1","resolution":"C:\\Users\\user\\Desktop\\Evangadi2\\MyProjects\\AmazonClone\\AmazoneClone-Front-End-Alex\\amazone-clone\\functions\\node_modules\\firebase-functions\\lib\\v1\\index.js"} {"metadata":{"emulator":{"name":"functions"},"function":{"name":"us-central1-api"},"extension":{},"message":"[runtime-status] [14584] Resolved module firebase-functions {\"declared\":true,\"installed\":true,\"version\":\"4.4.1\",\"resolution\":\"C:\\\\Users\\\\user\\\\Desktop\\\\Evangadi2\\\\MyProjects\\\\AmazonClone\\\\AmazoneClone-Front-End-Alex\\\\amazone-clone\\\\functions\\\\node_modules\\\\firebase-functions\\\\lib\\\\v1\\\\index.js\"}"}}
[debug] [2023-08-11T22:53:06.459Z] [runtime-status] [14772] Resolved module firebase-functions {"declared":true,"installed":true,"version":"4.4.1","resolution":"C:\\Users\\user\\Desktop\\Evangadi2\\MyProjects\\AmazonClone\\AmazoneClone-Front-End-Alex\\amazone-clone\\functions\\node_modules\\firebase-functions\\lib\\v1\\index.js"} {"metadata":{"emulator":{"name":"functions"},"function":{"name":"us-central1-api"},"extension":{},"message":"[runtime-status] [14772] Resolved module firebase-functions {\"declared\":true,\"installed\":true,\"version\":\"4.4.1\",\"resolution\":\"C:\\\\Users\\\\user\\\\Desktop\\\\Evangadi2\\\\MyProjects\\\\AmazonClone\\\\AmazoneClone-Front-End-Alex\\\\amazone-clone\\\\functions\\\\node_modules\\\\firebase-functions\\\\lib\\\\v1\\\\index.js\"}"}}
[debug] [2023-08-11T22:53:06.964Z] [runtime-status] [14584] Checked functions.config() {"config":{}} {"metadata":{"emulator":{"name":"functions"},"function":{"name":"us-central1-api"},"extension":{},"message":"[runtime-status] [14584] Checked functions.config() {\"config\":{}}"}}
[debug] [2023-08-11T22:53:06.966Z] [runtime-status] [14584] firebase-functions has been stubbed. {"functionsResolution":{"declared":true,"installed":true,"version":"4.4.1","resolution":"C:\\Users\\user\\Desktop\\Evangadi2\\MyProjects\\AmazonClone\\AmazoneClone-Front-End-Alex\\amazone-clone\\functions\\node_modules\\firebase-functions\\lib\\v1\\index.js"}} {"metadata":{"emulator":{"name":"functions"},"function":{"name":"us-central1-api"},"extension":{},"message":"[runtime-status] [14584] firebase-functions has been stubbed. {\"functionsResolution\":{\"declared\":true,\"installed\":true,\"version\":\"4.4.1\",\"resolution\":\"C:\\\\Users\\\\user\\\\Desktop\\\\Evangadi2\\\\MyProjects\\\\AmazonClone\\\\AmazoneClone-Front-End-Alex\\\\amazone-clone\\\\functions\\\\node_modules\\\\firebase-functions\\\\lib\\\\v1\\\\index.js\"}}"}}
[debug] [2023-08-11T22:53:06.969Z] [runtime-status] [14584] Resolved module firebase-functions {"declared":true,"installed":true,"version":"4.4.1","resolution":"C:\\Users\\user\\Desktop\\Evangadi2\\MyProjects\\AmazonClone\\AmazoneClone-Front-End-Alex\\amazone-clone\\functions\\node_modules\\firebase-functions\\lib\\v1\\index.js"} {"metadata":{"emulator":{"name":"functions"},"function":{"name":"us-central1-api"},"extension":{},"message":"[runtime-status] [14584] Resolved module firebase-functions {\"declared\":true,\"installed\":true,\"version\":\"4.4.1\",\"resolution\":\"C:\\\\Users\\\\user\\\\Desktop\\\\Evangadi2\\\\MyProjects\\\\AmazonClone\\\\AmazoneClone-Front-End-Alex\\\\amazone-clone\\\\functions\\\\node_modules\\\\firebase-functions\\\\lib\\\\v1\\\\index.js\"}"}}
[debug] [2023-08-11T22:53:06.969Z] [runtime-status] [14772] Checked functions.config() {"config":{}} {"metadata":{"emulator":{"name":"functions"},"function":{"name":"us-central1-api"},"extension":{},"message":"[runtime-status] [14772] Checked functions.config() {\"config\":{}}"}}
[debug] [2023-08-11T22:53:06.970Z] [runtime-status] [14772] firebase-functions has been stubbed. {"functionsResolution":{"declared":true,"installed":true,"version":"4.4.1","resolution":"C:\\Users\\user\\Desktop\\Evangadi2\\MyProjects\\AmazonClone\\AmazoneClone-Front-End-Alex\\amazone-clone\\functions\\node_modules\\firebase-functions\\lib\\v1\\index.js"}} {"metadata":{"emulator":{"name":"functions"},"function":{"name":"us-central1-api"},"extension":{},"message":"[runtime-status] [14772] firebase-functions has been stubbed. {\"functionsResolution\":{\"declared\":true,\"installed\":true,\"version\":\"4.4.1\",\"resolution\":\"C:\\\\Users\\\\user\\\\Desktop\\\\Evangadi2\\\\MyProjects\\\\AmazonClone\\\\AmazoneClone-Front-End-Alex\\\\amazone-clone\\\\functions\\\\node_modules\\\\firebase-functions\\\\lib\\\\v1\\\\index.js\"}}"}}
[debug] [2023-08-11T22:53:06.971Z] [runtime-status] [14772] Resolved module firebase-functions {"declared":true,"installed":true,"version":"4.4.1","resolution":"C:\\Users\\user\\Desktop\\Evangadi2\\MyProjects\\AmazonClone\\AmazoneClone-Front-End-Alex\\amazone-clone\\functions\\node_modules\\firebase-functions\\lib\\v1\\index.js"} {"metadata":{"emulator":{"name":"functions"},"function":{"name":"us-central1-api"},"extension":{},"message":"[runtime-status] [14772] Resolved module firebase-functions {\"declared\":true,\"installed\":true,\"version\":\"4.4.1\",\"resolution\":\"C:\\\\Users\\\\user\\\\Desktop\\\\Evangadi2\\\\MyProjects\\\\AmazonClone\\\\AmazoneClone-Front-End-Alex\\\\amazone-clone\\\\functions\\\\node_modules\\\\firebase-functions\\\\lib\\\\v1\\\\index.js\"}"}}
[debug] [2023-08-11T22:53:06.972Z] [runtime-status] [14584] Resolved module firebase-admin {"declared":true,"installed":true,"version":"11.10.1","resolution":"C:\\Users\\user\\Desktop\\Evangadi2\\MyProjects\\AmazonClone\\AmazoneClone-Front-End-Alex\\amazone-clone\\functions\\node_modules\\firebase-admin\\lib\\index.js"} {"metadata":{"emulator":{"name":"functions"},"function":{"name":"us-central1-api"},"extension":{},"message":"[runtime-status] [14584] Resolved module firebase-admin {\"declared\":true,\"installed\":true,\"version\":\"11.10.1\",\"resolution\":\"C:\\\\Users\\\\user\\\\Desktop\\\\Evangadi2\\\\MyProjects\\\\AmazonClone\\\\AmazoneClone-Front-End-Alex\\\\amazone-clone\\\\functions\\\\node_modules\\\\firebase-admin\\\\lib\\\\index.js\"}"}}
[debug] [2023-08-11T22:53:06.975Z] [runtime-status] [14772] Resolved module firebase-admin {"declared":true,"installed":true,"version":"11.10.1","resolution":"C:\\Users\\user\\Desktop\\Evangadi2\\MyProjects\\AmazonClone\\AmazoneClone-Front-End-Alex\\amazone-clone\\functions\\node_modules\\firebase-admin\\lib\\index.js"} {"metadata":{"emulator":{"name":"functions"},"function":{"name":"us-central1-api"},"extension":{},"message":"[runtime-status] [14772] Resolved module firebase-admin {\"declared\":true,\"installed\":true,\"version\":\"11.10.1\",\"resolution\":\"C:\\\\Users\\\\user\\\\Desktop\\\\Evangadi2\\\\MyProjects\\\\AmazonClone\\\\AmazoneClone-Front-End-Alex\\\\amazone-clone\\\\functions\\\\node_modules\\\\firebase-admin\\\\lib\\\\index.js\"}"}}
[debug] [2023-08-11T22:53:06.981Z] [runtime-status] [14584] Resolved module firebase-functions {"declared":true,"installed":true,"version":"4.4.1","resolution":"C:\\Users\\user\\Desktop\\Evangadi2\\MyProjects\\AmazonClone\\AmazoneClone-Front-End-Alex\\amazone-clone\\functions\\node_modules\\firebase-functions\\lib\\v1\\index.js"} {"metadata":{"emulator":{"name":"functions"},"function":{"name":"us-central1-api"},"extension":{},"message":"[runtime-status] [14584] Resolved module firebase-functions {\"declared\":true,\"installed\":true,\"version\":\"4.4.1\",\"resolution\":\"C:\\\\Users\\\\user\\\\Desktop\\\\Evangadi2\\\\MyProjects\\\\AmazonClone\\\\AmazoneClone-Front-End-Alex\\\\amazone-clone\\\\functions\\\\node_modules\\\\firebase-functions\\\\lib\\\\v1\\\\index.js\"}"}}
[debug] [2023-08-11T22:53:06.983Z] [runtime-status] [14584] firebase-admin has been stubbed. {"adminResolution":{"declared":true,"installed":true,"version":"11.10.1","resolution":"C:\\Users\\user\\Desktop\\Evangadi2\\MyProjects\\AmazonClone\\AmazoneClone-Front-End-Alex\\amazone-clone\\functions\\node_modules\\firebase-admin\\lib\\index.js"}} {"metadata":{"emulator":{"name":"functions"},"function":{"name":"us-central1-api"},"extension":{},"message":"[runtime-status] [14584] firebase-admin has been stubbed. {\"adminResolution\":{\"declared\":true,\"installed\":true,\"version\":\"11.10.1\",\"resolution\":\"C:\\\\Users\\\\user\\\\Desktop\\\\Evangadi2\\\\MyProjects\\\\AmazonClone\\\\AmazoneClone-Front-End-Alex\\\\amazone-clone\\\\functions\\\\node_modules\\\\firebase-admin\\\\lib\\\\index.js\"}}"}}
[debug] [2023-08-11T22:53:06.985Z] [runtime-status] [14772] Resolved module firebase-functions {"declared":true,"installed":true,"version":"4.4.1","resolution":"C:\\Users\\user\\Desktop\\Evangadi2\\MyProjects\\AmazonClone\\AmazoneClone-Front-End-Alex\\amazone-clone\\functions\\node_modules\\firebase-functions\\lib\\v1\\index.js"} {"metadata":{"emulator":{"name":"functions"},"function":{"name":"us-central1-api"},"extension":{},"message":"[runtime-status] [14772] Resolved module firebase-functions {\"declared\":true,\"installed\":true,\"version\":\"4.4.1\",\"resolution\":\"C:\\\\Users\\\\user\\\\Desktop\\\\Evangadi2\\\\MyProjects\\\\AmazonClone\\\\AmazoneClone-Front-End-Alex\\\\amazone-clone\\\\functions\\\\node_modules\\\\firebase-functions\\\\lib\\\\v1\\\\index.js\"}"}}
[debug] [2023-08-11T22:53:06.985Z] [runtime-status] [14772] firebase-admin has been stubbed. {"adminResolution":{"declared":true,"installed":true,"version":"11.10.1","resolution":"C:\\Users\\user\\Desktop\\Evangadi2\\MyProjects\\AmazonClone\\AmazoneClone-Front-End-Alex\\amazone-clone\\functions\\node_modules\\firebase-admin\\lib\\index.js"}} {"metadata":{"emulator":{"name":"functions"},"function":{"name":"us-central1-api"},"extension":{},"message":"[runtime-status] [14772] firebase-admin has been stubbed. {\"adminResolution\":{\"declared\":true,\"installed\":true,\"version\":\"11.10.1\",\"resolution\":\"C:\\\\Users\\\\user\\\\Desktop\\\\Evangadi2\\\\MyProjects\\\\AmazonClone\\\\AmazoneClone-Front-End-Alex\\\\amazone-clone\\\\functions\\\\node_modules\\\\firebase-admin\\\\lib\\\\index.js\"}}"}}
[warn] !  functions: The Cloud Firestore emulator is not running, so calls to Firestore will affect production. {"metadata":{"emulator":{"name":"functions"},"function":{"name":"us-central1-api"},"extension":{},"message":"The Cloud Firestore emulator is not running, so calls to Firestore will affect production."}}
[debug] [2023-08-11T22:53:07.510Z] [runtime-status] [14772] Functions runtime initialized. {"cwd":"C:\\Users\\user\\Desktop\\Evangadi2\\MyProjects\\AmazonClone\\AmazoneClone-Front-End-Alex\\amazone-clone\\functions","node_version":"18.16.0"} {"metadata":{"emulator":{"name":"functions"},"function":{"name":"us-central1-api"},"extension":{},"message":"[runtime-status] [14772] Functions runtime initialized. {\"cwd\":\"C:\\\\Users\\\\user\\\\Desktop\\\\Evangadi2\\\\MyProjects\\\\AmazonClone\\\\AmazoneClone-Front-End-Alex\\\\amazone-clone\\\\functions\",\"node_version\":\"18.16.0\"}"}}
[debug] [2023-08-11T22:53:07.511Z] [runtime-status] [14584] Functions runtime initialized. {"cwd":"C:\\Users\\user\\Desktop\\Evangadi2\\MyProjects\\AmazonClone\\AmazoneClone-Front-End-Alex\\amazone-clone\\functions","node_version":"18.16.0"} {"metadata":{"emulator":{"name":"functions"},"function":{"name":"us-central1-api"},"extension":{},"message":"[runtime-status] [14584] Functions runtime initialized. {\"cwd\":\"C:\\\\Users\\\\user\\\\Desktop\\\\Evangadi2\\\\MyProjects\\\\AmazonClone\\\\AmazoneClone-Front-End-Alex\\\\amazone-clone\\\\functions\",\"node_version\":\"18.16.0\"}"}}
[debug] [2023-08-11T22:53:07.511Z] [runtime-status] [14584] Listening to port: \\?\pipe\fire_emu_c3a779b7125c4341 {"metadata":{"emulator":{"name":"functions"},"function":{"name":"us-central1-api"},"extension":{},"message":"[runtime-status] [14584] Listening to port: \\\\?\\pipe\\fire_emu_c3a779b7125c4341"}}
[debug] [2023-08-11T22:53:07.512Z] [runtime-status] [14772] Listening to port: \\?\pipe\fire_emu_f8436984e45c043c {"metadata":{"emulator":{"name":"functions"},"function":{"name":"us-central1-api"},"extension":{},"message":"[runtime-status] [14772] Listening to port: \\\\?\\pipe\\fire_emu_f8436984e45c043c"}}
[debug] [2023-08-11T22:53:07.537Z] [worker-us-central1-api-1aa86728-e761-48f6-981e-dacd323ea0c5]: IDLE {"metadata":{"emulator":{"name":"functions"},"function":{"name":"us-central1-api"},"extension":{},"message":"[worker-us-central1-api-1aa86728-e761-48f6-981e-dacd323ea0c5]: IDLE"}}
[debug] [2023-08-11T22:53:07.537Z] [worker-pool] submitRequest(triggerId=us-central1-api) {"metadata":{"emulator":{"name":"functions"},"message":"[worker-pool] submitRequest(triggerId=us-central1-api)"}}
[info] i  functions: Beginning execution of "us-central1-api" {"metadata":{"emulator":{"name":"functions"},"function":{"name":"us-central1-api"},"extension":{},"message":"Beginning execution of \"us-central1-api\""}}
[debug] [2023-08-11T22:53:07.539Z] [worker-us-central1-api-1aa86728-e761-48f6-981e-dacd323ea0c5]: BUSY {"metadata":{"emulator":{"name":"functions"},"function":{"name":"us-central1-api"},"extension":{},"message":"[worker-us-central1-api-1aa86728-e761-48f6-981e-dacd323ea0c5]: BUSY"}}
[debug] [2023-08-11T22:53:07.542Z] [worker-us-central1-api-318ab8b6-9482-4c52-bb45-ed7c0bcd3605]: IDLE {"metadata":{"emulator":{"name":"functions"},"function":{"name":"us-central1-api"},"extension":{},"message":"[worker-us-central1-api-318ab8b6-9482-4c52-bb45-ed7c0bcd3605]: IDLE"}}
[debug] [2023-08-11T22:53:07.543Z] [worker-pool] submitRequest(triggerId=us-central1-api) {"metadata":{"emulator":{"name":"functions"},"message":"[worker-pool] submitRequest(triggerId=us-central1-api)"}}
[info] i  functions: Beginning execution of "us-central1-api" {"metadata":{"emulator":{"name":"functions"},"function":{"name":"us-central1-api"},"extension":{},"message":"Beginning execution of \"us-central1-api\""}}
[debug] [2023-08-11T22:53:07.544Z] [worker-us-central1-api-318ab8b6-9482-4c52-bb45-ed7c0bcd3605]: BUSY {"metadata":{"emulator":{"name":"functions"},"function":{"name":"us-central1-api"},"extension":{},"message":"[worker-us-central1-api-318ab8b6-9482-4c52-bb45-ed7c0bcd3605]: BUSY"}}
[info] >  Payment Request Recieved for this amount >>>  35800 {"user":"Payment Request Recieved for this amount >>>  35800","metadata":{"emulator":{"name":"functions"},"function":{"name":"us-central1-api"},"extension":{},"message":"\u001b[90m> \u001b[39m Payment Request Recieved for this amount >>>  35800"}}
[info] >  Payment Request Recieved for this amount >>>  35800 {"user":"Payment Request Recieved for this amount >>>  35800","metadata":{"emulator":{"name":"functions"},"function":{"name":"us-central1-api"},"extension":{},"message":"\u001b[90m> \u001b[39m Payment Request Recieved for this amount >>>  35800"}}
[debug] [2023-08-11T22:53:08.864Z] Finishing up request with event=pause {"metadata":{"emulator":{"name":"functions"},"function":{"name":"us-central1-api"},"extension":{},"message":"Finishing up request with event=pause"}}
[info] i  functions: Finished "us-central1-api" in 1325.1413ms {"metadata":{"emulator":{"name":"functions"},"function":{"name":"us-central1-api"},"extension":{},"message":"Finished \"us-central1-api\" in 1325.1413ms"}}
[debug] [2023-08-11T22:53:08.867Z] [worker-us-central1-api-1aa86728-e761-48f6-981e-dacd323ea0c5]: IDLE {"metadata":{"emulator":{"name":"functions"},"function":{"name":"us-central1-api"},"extension":{},"message":"[worker-us-central1-api-1aa86728-e761-48f6-981e-dacd323ea0c5]: IDLE"}}
[debug] [2023-08-11T22:53:08.868Z] Finishing up request with event=finish {"metadata":{"emulator":{"name":"functions"},"function":{"name":"us-central1-api"},"extension":{},"message":"Finishing up request with event=finish"}}
[debug] [2023-08-11T22:53:08.869Z] Finishing up request with event=close {"metadata":{"emulator":{"name":"functions"},"function":{"name":"us-central1-api"},"extension":{},"message":"Finishing up request with event=close"}}
[debug] [2023-08-11T22:53:08.870Z] [work-queue] {"queuedWork":[],"queueLength":0,"runningWork":["/e-clone-c0ec7/us-central1/api/payments/create-2023-08-11T22:53:03.671Z"],"workRunningCount":1}
[debug] [2023-08-11T22:53:08.898Z] Finishing up request with event=pause {"metadata":{"emulator":{"name":"functions"},"function":{"name":"us-central1-api"},"extension":{},"message":"Finishing up request with event=pause"}}
[info] i  functions: Finished "us-central1-api" in 1354.3282ms {"metadata":{"emulator":{"name":"functions"},"function":{"name":"us-central1-api"},"extension":{},"message":"Finished \"us-central1-api\" in 1354.3282ms"}}
[debug] [2023-08-11T22:53:08.900Z] [worker-us-central1-api-318ab8b6-9482-4c52-bb45-ed7c0bcd3605]: IDLE {"metadata":{"emulator":{"name":"functions"},"function":{"name":"us-central1-api"},"extension":{},"message":"[worker-us-central1-api-318ab8b6-9482-4c52-bb45-ed7c0bcd3605]: IDLE"}}
[debug] [2023-08-11T22:53:08.900Z] Finishing up request with event=finish {"metadata":{"emulator":{"name":"functions"},"function":{"name":"us-central1-api"},"extension":{},"message":"Finishing up request with event=finish"}}
[debug] [2023-08-11T22:53:08.901Z] Finishing up request with event=close {"metadata":{"emulator":{"name":"functions"},"function":{"name":"us-central1-api"},"extension":{},"message":"Finishing up request with event=close"}}
[debug] [2023-08-11T22:53:08.901Z] [work-queue] {"queuedWork":[],"queueLength":0,"runningWork":[],"workRunningCount":0}
[debug] [2023-08-11T22:55:01.453Z] [work-queue] {"queuedWork":["/e-clone-c0ec7/us-central1/api/payments/create-2023-08-11T22:55:01.453Z"],"queueLength":1,"runningWork":[],"workRunningCount":0}
[debug] [2023-08-11T22:55:01.453Z] [work-queue] {"queuedWork":[],"queueLength":0,"runningWork":["/e-clone-c0ec7/us-central1/api/payments/create-2023-08-11T22:55:01.453Z"],"workRunningCount":1}
[debug] [2023-08-11T22:55:01.453Z] Accepted request POST /e-clone-c0ec7/us-central1/api/payments/create?total=100898 --> us-central1-api
[debug] [2023-08-11T22:55:01.458Z] [functions] Runtime ready! Sending request! {"metadata":{"emulator":{"name":"functions"},"message":"[functions] Runtime ready! Sending request!"}}
[debug] [2023-08-11T22:55:01.459Z] [functions] Got req.url=/e-clone-c0ec7/us-central1/api/payments/create?total=100898, mapping to path=/payments/create?total=100898 {"metadata":{"emulator":{"name":"functions"},"message":"[functions] Got req.url=/e-clone-c0ec7/us-central1/api/payments/create?total=100898, mapping to path=/payments/create?total=100898"}}
[debug] [2023-08-11T22:55:01.459Z] [worker-pool] submitRequest(triggerId=us-central1-api) {"metadata":{"emulator":{"name":"functions"},"message":"[worker-pool] submitRequest(triggerId=us-central1-api)"}}
[info] i  functions: Beginning execution of "us-central1-api" {"metadata":{"emulator":{"name":"functions"},"function":{"name":"us-central1-api"},"extension":{},"message":"Beginning execution of \"us-central1-api\""}}
[debug] [2023-08-11T22:55:01.461Z] [worker-us-central1-api-318ab8b6-9482-4c52-bb45-ed7c0bcd3605]: BUSY {"metadata":{"emulator":{"name":"functions"},"function":{"name":"us-central1-api"},"extension":{},"message":"[worker-us-central1-api-318ab8b6-9482-4c52-bb45-ed7c0bcd3605]: BUSY"}}
[debug] [2023-08-11T22:55:01.464Z] [work-queue] {"queuedWork":["/e-clone-c0ec7/us-central1/api/payments/create-2023-08-11T22:55:01.464Z"],"queueLength":1,"runningWork":["/e-clone-c0ec7/us-central1/api/payments/create-2023-08-11T22:55:01.453Z"],"workRunningCount":1}
[debug] [2023-08-11T22:55:01.464Z] [work-queue] {"queuedWork":[],"queueLength":0,"runningWork":["/e-clone-c0ec7/us-central1/api/payments/create-2023-08-11T22:55:01.453Z","/e-clone-c0ec7/us-central1/api/payments/create-2023-08-11T22:55:01.464Z"],"workRunningCount":2}
[debug] [2023-08-11T22:55:01.464Z] Accepted request POST /e-clone-c0ec7/us-central1/api/payments/create?total=100898 --> us-central1-api
[debug] [2023-08-11T22:55:01.469Z] [functions] Runtime ready! Sending request! {"metadata":{"emulator":{"name":"functions"},"message":"[functions] Runtime ready! Sending request!"}}
[debug] [2023-08-11T22:55:01.469Z] [functions] Got req.url=/e-clone-c0ec7/us-central1/api/payments/create?total=100898, mapping to path=/payments/create?total=100898 {"metadata":{"emulator":{"name":"functions"},"message":"[functions] Got req.url=/e-clone-c0ec7/us-central1/api/payments/create?total=100898, mapping to path=/payments/create?total=100898"}}
[debug] [2023-08-11T22:55:01.470Z] [worker-pool] submitRequest(triggerId=us-central1-api) {"metadata":{"emulator":{"name":"functions"},"message":"[worker-pool] submitRequest(triggerId=us-central1-api)"}}
[info] i  functions: Beginning execution of "us-central1-api" {"metadata":{"emulator":{"name":"functions"},"function":{"name":"us-central1-api"},"extension":{},"message":"Beginning execution of \"us-central1-api\""}}
[debug] [2023-08-11T22:55:01.471Z] [worker-us-central1-api-1aa86728-e761-48f6-981e-dacd323ea0c5]: BUSY {"metadata":{"emulator":{"name":"functions"},"function":{"name":"us-central1-api"},"extension":{},"message":"[worker-us-central1-api-1aa86728-e761-48f6-981e-dacd323ea0c5]: BUSY"}}
[info] >  Payment Request Recieved for this amount >>>  100898 {"user":"Payment Request Recieved for this amount >>>  100898","metadata":{"emulator":{"name":"functions"},"function":{"name":"us-central1-api"},"extension":{},"message":"\u001b[90m> \u001b[39m Payment Request Recieved for this amount >>>  100898"}}
[info] >  Payment Request Recieved for this amount >>>  100898 {"user":"Payment Request Recieved for this amount >>>  100898","metadata":{"emulator":{"name":"functions"},"function":{"name":"us-central1-api"},"extension":{},"message":"\u001b[90m> \u001b[39m Payment Request Recieved for this amount >>>  100898"}}
[debug] [2023-08-11T22:55:02.454Z] Finishing up request with event=pause {"metadata":{"emulator":{"name":"functions"},"function":{"name":"us-central1-api"},"extension":{},"message":"Finishing up request with event=pause"}}
[info] i  functions: Finished "us-central1-api" in 984.0568ms {"metadata":{"emulator":{"name":"functions"},"function":{"name":"us-central1-api"},"extension":{},"message":"Finished \"us-central1-api\" in 984.0568ms"}}
[debug] [2023-08-11T22:55:02.459Z] [worker-us-central1-api-1aa86728-e761-48f6-981e-dacd323ea0c5]: IDLE {"metadata":{"emulator":{"name":"functions"},"function":{"name":"us-central1-api"},"extension":{},"message":"[worker-us-central1-api-1aa86728-e761-48f6-981e-dacd323ea0c5]: IDLE"}}
[debug] [2023-08-11T22:55:02.460Z] Finishing up request with event=finish {"metadata":{"emulator":{"name":"functions"},"function":{"name":"us-central1-api"},"extension":{},"message":"Finishing up request with event=finish"}}
[debug] [2023-08-11T22:55:02.461Z] Finishing up request with event=close {"metadata":{"emulator":{"name":"functions"},"function":{"name":"us-central1-api"},"extension":{},"message":"Finishing up request with event=close"}}
[debug] [2023-08-11T22:55:02.462Z] [work-queue] {"queuedWork":[],"queueLength":0,"runningWork":["/e-clone-c0ec7/us-central1/api/payments/create-2023-08-11T22:55:01.453Z"],"workRunningCount":1}
[debug] [2023-08-11T22:55:02.467Z] Finishing up request with event=pause {"metadata":{"emulator":{"name":"functions"},"function":{"name":"us-central1-api"},"extension":{},"message":"Finishing up request with event=pause"}}
[info] i  functions: Finished "us-central1-api" in 1007.3638ms {"metadata":{"emulator":{"name":"functions"},"function":{"name":"us-central1-api"},"extension":{},"message":"Finished \"us-central1-api\" in 1007.3638ms"}}
[debug] [2023-08-11T22:55:02.470Z] [worker-us-central1-api-318ab8b6-9482-4c52-bb45-ed7c0bcd3605]: IDLE {"metadata":{"emulator":{"name":"functions"},"function":{"name":"us-central1-api"},"extension":{},"message":"[worker-us-central1-api-318ab8b6-9482-4c52-bb45-ed7c0bcd3605]: IDLE"}}
[debug] [2023-08-11T22:55:02.470Z] Finishing up request with event=finish {"metadata":{"emulator":{"name":"functions"},"function":{"name":"us-central1-api"},"extension":{},"message":"Finishing up request with event=finish"}}
[debug] [2023-08-11T22:55:02.471Z] Finishing up request with event=close {"metadata":{"emulator":{"name":"functions"},"function":{"name":"us-central1-api"},"extension":{},"message":"Finishing up request with event=close"}}
[debug] [2023-08-11T22:55:02.472Z] [work-queue] {"queuedWork":[],"queueLength":0,"runningWork":[],"workRunningCount":0}
[debug] [2023-08-12T00:32:37.262Z] File C:\Users\user\Desktop\Evangadi2\MyProjects\AmazonClone\AmazoneClone-Front-End-Alex\amazone-clone\functions\index.js changed, reloading triggers {"metadata":{"emulator":{"name":"functions"},"message":"File C:\\Users\\user\\Desktop\\Evangadi2\\MyProjects\\AmazonClone\\AmazoneClone-Front-End-Alex\\amazone-clone\\functions\\index.js changed, reloading triggers"}}
[debug] [2023-08-12T00:32:38.304Z] Validating nodejs source
[debug] [2023-08-12T00:32:44.363Z] > [functions] package.json contents: {
  "name": "functions",
  "description": "Cloud Functions for Firebase",
  "scripts": {
    "lint": "eslint .",
    "serve": "firebase emulators:start --only functions",
    "shell": "firebase functions:shell",
    "start": "npm run shell",
    "deploy": "firebase deploy --only functions",
    "logs": "firebase functions:log"
  },
  "engines": {
    "node": "18"
  },
  "main": "index.js",
  "dependencies": {
    "cors": "^2.8.5",
    "express": "^4.18.2",
    "firebase-admin": "^11.8.0",
    "firebase-functions": "^4.3.1",
    "stripe": "^12.17.0"
  },
  "devDependencies": {
    "eslint": "^8.15.0",
    "eslint-config-google": "^0.14.0",
    "firebase-functions-test": "^3.1.0"
  },
  "private": true
}
[debug] [2023-08-12T00:32:44.364Z] Building nodejs source
[debug] [2023-08-12T00:32:44.365Z] Failed to find version of module node: reached end of search path C:\Users\user\Desktop\Evangadi2\MyProjects\AmazonClone\AmazoneClone-Front-End-Alex\amazone-clone\functions\node_modules
[info] +  functions: Using node@18 from host. 
[debug] [2023-08-12T00:32:44.372Z] Could not find functions.yaml. Must use http discovery
[debug] [2023-08-12T00:32:44.388Z] Found firebase-functions binary at 'C:\Users\user\Desktop\Evangadi2\MyProjects\AmazonClone\AmazoneClone-Front-End-Alex\amazone-clone\functions\node_modules\.bin\firebase-functions'
[debug] [2023-08-12T00:32:44.437Z] File C:\Users\user\Desktop\Evangadi2\MyProjects\AmazonClone\AmazoneClone-Front-End-Alex\amazone-clone\functions\index.js changed, reloading triggers {"metadata":{"emulator":{"name":"functions"},"message":"File C:\\Users\\user\\Desktop\\Evangadi2\\MyProjects\\AmazonClone\\AmazoneClone-Front-End-Alex\\amazone-clone\\functions\\index.js changed, reloading triggers"}}
[debug] [2023-08-12T00:32:44.595Z] File C:\Users\user\Desktop\Evangadi2\MyProjects\AmazonClone\AmazoneClone-Front-End-Alex\amazone-clone\functions\index.js changed, reloading triggers {"metadata":{"emulator":{"name":"functions"},"message":"File C:\\Users\\user\\Desktop\\Evangadi2\\MyProjects\\AmazonClone\\AmazoneClone-Front-End-Alex\\amazone-clone\\functions\\index.js changed, reloading triggers"}}
[debug] [2023-08-12T00:32:45.603Z] Validating nodejs source
[debug] [2023-08-12T00:32:50.433Z] > [functions] package.json contents: {
  "name": "functions",
  "description": "Cloud Functions for Firebase",
  "scripts": {
    "lint": "eslint .",
    "serve": "firebase emulators:start --only functions",
    "shell": "firebase functions:shell",
    "start": "npm run shell",
    "deploy": "firebase deploy --only functions",
    "logs": "firebase functions:log"
  },
  "engines": {
    "node": "18"
  },
  "main": "index.js",
  "dependencies": {
    "cors": "^2.8.5",
    "express": "^4.18.2",
    "firebase-admin": "^11.8.0",
    "firebase-functions": "^4.3.1",
    "stripe": "^12.17.0"
  },
  "devDependencies": {
    "eslint": "^8.15.0",
    "eslint-config-google": "^0.14.0",
    "firebase-functions-test": "^3.1.0"
  },
  "private": true
}
[debug] [2023-08-12T00:32:50.434Z] Building nodejs source
[debug] [2023-08-12T00:32:50.434Z] Failed to find version of module node: reached end of search path C:\Users\user\Desktop\Evangadi2\MyProjects\AmazonClone\AmazoneClone-Front-End-Alex\amazone-clone\functions\node_modules
[info] +  functions: Using node@18 from host. 
[debug] [2023-08-12T00:32:50.438Z] Could not find functions.yaml. Must use http discovery
[debug] [2023-08-12T00:32:50.451Z] Found firebase-functions binary at 'C:\Users\user\Desktop\Evangadi2\MyProjects\AmazonClone\AmazoneClone-Front-End-Alex\amazone-clone\functions\node_modules\.bin\firebase-functions'
[info] Serving at port 8164

[info] Serving at port 8899

[debug] [2023-08-12T00:32:54.471Z] Got response from /__/functions.yaml {"endpoints":{"api":{"platform":"gcfv1","availableMemoryMb":null,"timeoutSeconds":null,"minInstances":null,"maxInstances":null,"ingressSettings":null,"serviceAccountEmail":null,"vpc":null,"httpsTrigger":{},"entryPoint":"api"}},"specVersion":"v1alpha1","requiredAPIs":[]}
[info] shutdown requested via /__/quitquitquit

[info] shutdown requested via /__/quitquitquit

[info] +  functions: Loaded functions definitions from source: api. {"metadata":{"emulator":{"name":"functions"},"message":"Loaded functions definitions from source: api."}}
[debug] [2023-08-12T00:32:54.589Z] [worker-pool] Shutting down IDLE worker (us-central1-api) {"metadata":{"emulator":{"name":"functions"},"message":"[worker-pool] Shutting down IDLE worker (us-central1-api)"}}
[debug] [2023-08-12T00:32:54.589Z] [worker-us-central1-api-318ab8b6-9482-4c52-bb45-ed7c0bcd3605]: FINISHING {"metadata":{"emulator":{"name":"functions"},"function":{"name":"us-central1-api"},"extension":{},"message":"[worker-us-central1-api-318ab8b6-9482-4c52-bb45-ed7c0bcd3605]: FINISHING"}}
[debug] [2023-08-12T00:32:54.589Z] [worker-pool] Shutting down IDLE worker (us-central1-api) {"metadata":{"emulator":{"name":"functions"},"message":"[worker-pool] Shutting down IDLE worker (us-central1-api)"}}
[debug] [2023-08-12T00:32:54.590Z] [worker-us-central1-api-1aa86728-e761-48f6-981e-dacd323ea0c5]: FINISHING {"metadata":{"emulator":{"name":"functions"},"function":{"name":"us-central1-api"},"extension":{},"message":"[worker-us-central1-api-1aa86728-e761-48f6-981e-dacd323ea0c5]: FINISHING"}}
[error] !!  functions: Failed to load function definition from source: FirebaseError: User code failed to load. Cannot determine backend specification {"metadata":{"emulator":{"name":"functions"},"message":"Failed to load function definition from source: FirebaseError: User code failed to load. Cannot determine backend specification"}}
[debug] [2023-08-12T00:32:54.613Z] [worker-us-central1-api-1aa86728-e761-48f6-981e-dacd323ea0c5]: exited {"metadata":{"emulator":{"name":"functions"},"function":{"name":"us-central1-api"},"extension":{},"message":"[worker-us-central1-api-1aa86728-e761-48f6-981e-dacd323ea0c5]: exited"}}
[debug] [2023-08-12T00:32:54.613Z] [worker-us-central1-api-1aa86728-e761-48f6-981e-dacd323ea0c5]: FINISHED {"metadata":{"emulator":{"name":"functions"},"function":{"name":"us-central1-api"},"extension":{},"message":"[worker-us-central1-api-1aa86728-e761-48f6-981e-dacd323ea0c5]: FINISHED"}}
[debug] [2023-08-12T00:32:54.614Z] [worker-us-central1-api-318ab8b6-9482-4c52-bb45-ed7c0bcd3605]: exited {"metadata":{"emulator":{"name":"functions"},"function":{"name":"us-central1-api"},"extension":{},"message":"[worker-us-central1-api-318ab8b6-9482-4c52-bb45-ed7c0bcd3605]: exited"}}
[debug] [2023-08-12T00:32:54.614Z] [worker-us-central1-api-318ab8b6-9482-4c52-bb45-ed7c0bcd3605]: FINISHED {"metadata":{"emulator":{"name":"functions"},"function":{"name":"us-central1-api"},"extension":{},"message":"[worker-us-central1-api-318ab8b6-9482-4c52-bb45-ed7c0bcd3605]: FINISHED"}}
